2026-06-22 18:26:18,613 | INFO | Logger Started
2026-06-22 18:26:18,618 | INFO | Application Started
2026-06-22 18:26:18,618 | ERROR | Sample Error
2026-06-22 18:27:26,784 | INFO | Logger Started
2026-06-22 18:27:26,784 | INFO | Application Started
2026-06-22 18:27:26,784 | ERROR | Sample Error
2026-06-22 18:52:36,602 | INFO | Logger Started
2026-06-22 18:52:36,605 | INFO | Battery Monitor Started
2026-06-22 18:53:36,607 | INFO | Battery Monitor Stopped
2026-06-22 19:16:37,897 | INFO | Logger Started
2026-06-22 19:16:37,913 | INFO | Battery Monitor Started
2026-06-22 19:17:42,148 | INFO | Logger Started
2026-06-22 19:17:42,148 | INFO | Battery Monitor Started
2026-06-22 19:18:34,442 | INFO | Logger Started
2026-06-22 19:18:34,442 | INFO | Battery Monitor Started
2026-06-22 19:18:34,458 | INFO | HIGH ALERT 47%
2026-06-22 19:19:04,461 | INFO | HIGH ALERT 48%
2026-06-22 19:21:43,277 | INFO | Logger Started
2026-06-22 19:21:43,277 | INFO | Battery Monitor Started
2026-06-22 19:22:11,061 | INFO | Battery Monitor Stopped
2026-06-22 19:22:19,185 | ERROR | An error occurred when calling message handler
Traceback (most recent call last):
  File "C:\Users\Anis sankar V\AppData\Local\Programs\Python\Python311\Lib\site-packages\pystray\_win32.py", line 412, in _dispatcher
    return int(icon._message_handlers.get(
               ^^^^^^^^^^^^^^^^^^^^^^^^^^^
  File "C:\Users\Anis sankar V\AppData\Local\Programs\Python\Python311\Lib\site-packages\pystray\_win32.py", line 224, in _on_notify
    descriptors[index - 1](self)
  File "C:\Users\Anis sankar V\AppData\Local\Programs\Python\Python311\Lib\site-packages\pystray\_base.py", line 328, in inner
    callback(self)
  File "C:\Users\Anis sankar V\AppData\Local\Programs\Python\Python311\Lib\site-packages\pystray\_base.py", line 453, in __call__
    return self._action(icon, self)
           ^^^^^^^^^^^^^^^^^^^^^^^^
  File "E:\battery_monitor_v3\core\tray_manager.py", line 68, in open_settings
    open_settings_window()
  File "E:\battery_monitor_v3\ui\settings_window.py", line 23, in open_settings_window
    app.mainloop()
  File "C:\Users\Anis sankar V\AppData\Local\Programs\Python\Python311\Lib\site-packages\customtkinter\windows\ctk_tk.py", line 165, in mainloop
    super().mainloop(*args, **kwargs)
  File "C:\Users\Anis sankar V\AppData\Local\Programs\Python\Python311\Lib\tkinter\__init__.py", line 1504, in mainloop
    self.tk.mainloop(n)
KeyboardInterrupt
2026-06-22 19:57:38,685 | INFO | Logger Started
2026-06-22 19:57:38,685 | INFO | Battery Monitor Started
2026-06-22 19:58:05,617 | INFO | Battery Monitor Stopped
2026-06-22 19:58:12,660 | ERROR | An error occurred when calling message handler
Traceback (most recent call last):
  File "C:\Users\Anis sankar V\AppData\Local\Programs\Python\Python311\Lib\site-packages\pystray\_win32.py", line 412, in _dispatcher
    return int(icon._message_handlers.get(
               ^^^^^^^^^^^^^^^^^^^^^^^^^^^
  File "C:\Users\Anis sankar V\AppData\Local\Programs\Python\Python311\Lib\site-packages\pystray\_win32.py", line 224, in _on_notify
    descriptors[index - 1](self)
  File "C:\Users\Anis sankar V\AppData\Local\Programs\Python\Python311\Lib\site-packages\pystray\_base.py", line 328, in inner
    callback(self)
  File "C:\Users\Anis sankar V\AppData\Local\Programs\Python\Python311\Lib\site-packages\pystray\_base.py", line 453, in __call__
    return self._action(icon, self)
           ^^^^^^^^^^^^^^^^^^^^^^^^
  File "E:\battery_monitor_v3\core\tray_manager.py", line 68, in open_settings
    open_settings_window()
  File "E:\battery_monitor_v3\ui\settings_window.py", line 234, in open_settings_window
    app.mainloop()
  File "C:\Users\Anis sankar V\AppData\Local\Programs\Python\Python311\Lib\site-packages\customtkinter\windows\ctk_tk.py", line 165, in mainloop
    super().mainloop(*args, **kwargs)
  File "C:\Users\Anis sankar V\AppData\Local\Programs\Python\Python311\Lib\tkinter\__init__.py", line 1504, in mainloop
    self.tk.mainloop(n)
KeyboardInterrupt
2026-06-22 19:58:23,244 | INFO | Logger Started
2026-06-22 19:58:23,244 | INFO | Battery Monitor Started
2026-06-22 19:58:46,774 | ERROR | An error occurred when calling message handler
Traceback (most recent call last):
  File "C:\Users\Anis sankar V\AppData\Local\Programs\Python\Python311\Lib\site-packages\pystray\_win32.py", line 412, in _dispatcher
    return int(icon._message_handlers.get(
               ^^^^^^^^^^^^^^^^^^^^^^^^^^^
  File "C:\Users\Anis sankar V\AppData\Local\Programs\Python\Python311\Lib\site-packages\pystray\_win32.py", line 224, in _on_notify
    descriptors[index - 1](self)
  File "C:\Users\Anis sankar V\AppData\Local\Programs\Python\Python311\Lib\site-packages\pystray\_base.py", line 328, in inner
    callback(self)
  File "C:\Users\Anis sankar V\AppData\Local\Programs\Python\Python311\Lib\site-packages\pystray\_base.py", line 453, in __call__
    return self._action(icon, self)
           ^^^^^^^^^^^^^^^^^^^^^^^^
  File "E:\battery_monitor_v3\core\tray_manager.py", line 68, in open_settings
    open_settings_window()
  File "E:\battery_monitor_v3\ui\settings_window.py", line 234, in open_settings_window
    app.mainloop()
  File "C:\Users\Anis sankar V\AppData\Local\Programs\Python\Python311\Lib\site-packages\customtkinter\windows\ctk_tk.py", line 165, in mainloop
    super().mainloop(*args, **kwargs)
  File "C:\Users\Anis sankar V\AppData\Local\Programs\Python\Python311\Lib\tkinter\__init__.py", line 1504, in mainloop
    self.tk.mainloop(n)
  File "C:\Users\Anis sankar V\AppData\Local\Programs\Python\Python311\Lib\tkinter\__init__.py", line 1962, in __call__
    def __call__(self, *args):
    
KeyboardInterrupt
2026-06-22 19:58:54,454 | INFO | Battery Monitor Stopped
2026-06-22 20:04:41,291 | INFO | Logger Started
2026-06-22 20:04:41,291 | INFO | Battery Monitor Started
2026-06-22 20:05:33,686 | INFO | Battery Monitor Stopped
2026-06-22 20:05:36,619 | ERROR | An error occurred when calling message handler
Traceback (most recent call last):
  File "C:\Users\Anis sankar V\AppData\Local\Programs\Python\Python311\Lib\site-packages\pystray\_win32.py", line 412, in _dispatcher
    return int(icon._message_handlers.get(
               ^^^^^^^^^^^^^^^^^^^^^^^^^^^
  File "C:\Users\Anis sankar V\AppData\Local\Programs\Python\Python311\Lib\site-packages\pystray\_win32.py", line 224, in _on_notify
    descriptors[index - 1](self)
  File "C:\Users\Anis sankar V\AppData\Local\Programs\Python\Python311\Lib\site-packages\pystray\_base.py", line 328, in inner
    callback(self)
  File "C:\Users\Anis sankar V\AppData\Local\Programs\Python\Python311\Lib\site-packages\pystray\_base.py", line 453, in __call__
    return self._action(icon, self)
           ^^^^^^^^^^^^^^^^^^^^^^^^
  File "E:\battery_monitor_v3\core\tray_manager.py", line 68, in open_settings
    open_settings_window()
  File "E:\battery_monitor_v3\ui\settings_window.py", line 235, in open_settings_window
    app.mainloop()
  File "C:\Users\Anis sankar V\AppData\Local\Programs\Python\Python311\Lib\site-packages\customtkinter\windows\ctk_tk.py", line 165, in mainloop
    super().mainloop(*args, **kwargs)
  File "C:\Users\Anis sankar V\AppData\Local\Programs\Python\Python311\Lib\tkinter\__init__.py", line 1504, in mainloop
    self.tk.mainloop(n)
KeyboardInterrupt
2026-06-22 20:09:17,761 | INFO | Logger Started
2026-06-22 20:09:17,761 | INFO | Battery Monitor Started
2026-06-22 20:10:15,789 | ERROR | An error occurred when calling message handler
Traceback (most recent call last):
  File "C:\Users\Anis sankar V\AppData\Local\Programs\Python\Python311\Lib\site-packages\pystray\_win32.py", line 412, in _dispatcher
    return int(icon._message_handlers.get(
               ^^^^^^^^^^^^^^^^^^^^^^^^^^^
  File "C:\Users\Anis sankar V\AppData\Local\Programs\Python\Python311\Lib\site-packages\pystray\_win32.py", line 224, in _on_notify
    descriptors[index - 1](self)
  File "C:\Users\Anis sankar V\AppData\Local\Programs\Python\Python311\Lib\site-packages\pystray\_base.py", line 328, in inner
    callback(self)
  File "C:\Users\Anis sankar V\AppData\Local\Programs\Python\Python311\Lib\site-packages\pystray\_base.py", line 453, in __call__
    return self._action(icon, self)
           ^^^^^^^^^^^^^^^^^^^^^^^^
  File "E:\battery_monitor_v3\core\tray_manager.py", line 68, in open_settings
    open_settings_window()
  File "E:\battery_monitor_v3\ui\settings_window.py", line 268, in open_settings_window
    app.mainloop()
  File "C:\Users\Anis sankar V\AppData\Local\Programs\Python\Python311\Lib\site-packages\customtkinter\windows\ctk_tk.py", line 165, in mainloop
    super().mainloop(*args, **kwargs)
  File "C:\Users\Anis sankar V\AppData\Local\Programs\Python\Python311\Lib\tkinter\__init__.py", line 1504, in mainloop
    self.tk.mainloop(n)
  File "C:\Users\Anis sankar V\AppData\Local\Programs\Python\Python311\Lib\tkinter\__init__.py", line 1962, in __call__
    def __call__(self, *args):
    
KeyboardInterrupt
2026-06-22 20:10:16,215 | ERROR | An error occurred in the main loop
Traceback (most recent call last):
  File "C:\Users\Anis sankar V\AppData\Local\Programs\Python\Python311\Lib\site-packages\pystray\_win32.py", line 147, in _mainloop
    r = win32.GetMessage(lpmsg, None, 0, 0)
        ^^^^^^^^^^^^^^^^^^^^^^^^^^^^^^^^^^^
KeyboardInterrupt
2026-06-22 20:27:11,177 | INFO | Logger Started
2026-06-22 20:27:11,177 | INFO | Battery Monitor Started
2026-06-22 20:27:11,177 | INFO | LOW ALERT 20%
2026-06-22 20:27:41,189 | INFO | LOW ALERT 19%
2026-06-22 20:28:04,844 | INFO | Battery Monitor Stopped
2026-06-22 20:36:49,679 | INFO | Logger Started
2026-06-22 20:36:49,679 | INFO | Battery Monitor Started
2026-06-22 20:53:00,433 | INFO | Battery Monitor Stopped
2026-06-22 21:01:30,912 | INFO | Logger Started
2026-06-22 21:01:30,912 | INFO | Battery Monitor Started
2026-06-22 21:02:00,925 | INFO | HIGH ALERT 69%
2026-06-22 21:02:30,927 | INFO | HIGH ALERT 70%
2026-06-22 21:03:00,929 | INFO | HIGH ALERT 70%
2026-06-22 21:09:03,448 | INFO | Battery Monitor Stopped
2026-06-22 21:09:09,872 | INFO | Logger Started
2026-06-22 21:09:09,872 | INFO | Battery Monitor Started
2026-06-22 21:20:03,671 | INFO | Battery Monitor Stopped
2026-06-22 21:22:14,649 | INFO | Logger Started
2026-06-22 21:22:14,664 | INFO | Battery Monitor Started
2026-06-22 22:05:29,209 | INFO | Battery Monitor Stopped
2026-06-22 22:25:15,848 | INFO | Logger Started
2026-06-22 22:25:15,853 | INFO | Battery Monitor Started
2026-06-22 22:32:15,911 | INFO | LOW ALERT 20%
2026-06-22 22:37:03,779 | INFO | Battery Monitor Stopped
2026-06-22 22:37:21,075 | INFO | Logger Started
2026-06-22 22:37:21,075 | INFO | Battery Monitor Started
2026-06-22 22:38:51,595 | INFO | Battery Monitor Stopped
2026-06-22 22:39:05,544 | INFO | Logger Started
2026-06-22 22:39:05,544 | INFO | Battery Monitor Started
2026-06-22 22:40:02,270 | INFO | Battery Monitor Stopped
2026-06-22 22:43:48,705 | INFO | Logger Started
2026-06-22 22:43:48,705 | INFO | Battery Monitor Started
2026-06-22 22:44:04,615 | INFO | Battery Monitor Stopped
2026-06-22 22:48:04,048 | INFO | Logger Started
2026-06-22 22:48:04,048 | INFO | Battery Monitor Started
2026-06-22 22:48:11,857 | INFO | Battery Monitor Stopped
2026-06-22 22:48:45,121 | INFO | Logger Started
2026-06-22 22:48:45,121 | INFO | Battery Monitor Started
2026-06-22 22:48:52,787 | INFO | Battery Monitor Stopped
2026-06-22 22:49:07,876 | INFO | Battery Monitor Stopped
2026-06-22 22:50:13,107 | INFO | Battery Monitor Stopped
2026-06-22 22:53:05,875 | INFO | Logger Started
2026-06-22 22:53:05,875 | INFO | Battery Monitor Started
2026-06-22 22:53:14,366 | INFO | Battery Monitor Stopped
2026-06-22 23:01:24,180 | INFO | Logger Started
2026-06-22 23:01:24,181 | INFO | Battery Monitor Started
2026-06-22 23:01:58,026 | INFO | Battery Monitor Stopped
2026-06-22 23:09:57,951 | INFO | Logger Started
2026-06-22 23:09:57,951 | INFO | Battery Monitor Started
2026-06-22 23:10:25,213 | INFO | Battery Monitor Stopped
2026-06-22 23:12:09,583 | INFO | Logger Started
2026-06-22 23:12:09,583 | INFO | Battery Monitor Started
2026-06-22 23:13:17,630 | INFO | Battery Monitor Stopped
2026-06-22 23:13:21,095 | INFO | Logger Started
2026-06-22 23:13:21,095 | INFO | Battery Monitor Started
2026-06-22 23:20:57,393 | INFO | Battery Monitor Stopped
2026-06-22 23:21:02,721 | INFO | Logger Started
2026-06-22 23:21:02,722 | INFO | Battery Monitor Started
2026-06-22 23:30:00,995 | INFO | Battery Monitor Stopped
2026-06-22 23:30:04,611 | INFO | Logger Started
2026-06-22 23:30:04,612 | INFO | Battery Monitor Started
2026-06-22 23:54:05,243 | INFO | Battery Monitor Stopped
2026-06-22 23:57:29,637 | INFO | Logger Started
2026-06-22 23:57:29,644 | INFO | Battery Monitor Started
2026-06-23 00:09:56,280 | INFO | Battery Monitor Stopped
2026-06-23 00:10:04,193 | INFO | Logger Started
2026-06-23 00:10:04,197 | INFO | Battery Monitor Started
2026-06-23 00:13:53,419 | INFO | Battery Monitor Stopped
2026-06-23 00:13:58,670 | INFO | Logger Started
2026-06-23 00:13:58,670 | INFO | Battery Monitor Started
2026-06-23 00:14:53,223 | INFO | Battery Monitor Stopped
2026-06-23 00:23:54,873 | INFO | Logger Started
2026-06-23 00:23:54,877 | INFO | Battery Monitor Started
2026-06-23 00:28:03,159 | INFO | Battery Monitor Stopped
2026-06-23 00:28:07,992 | INFO | Logger Started
2026-06-23 00:28:07,994 | INFO | Battery Monitor Started
2026-06-23 00:33:31,566 | INFO | Battery Monitor Stopped
2026-06-23 00:33:36,382 | INFO | Logger Started
2026-06-23 00:33:36,387 | INFO | Battery Monitor Started
2026-06-23 00:33:36,390 | INFO | LOW ALERT 20%
2026-06-23 00:34:06,392 | INFO | LOW ALERT 19%
2026-06-23 00:34:31,283 | INFO | Battery Monitor Stopped
